<?xml version="1.0" encoding="UTF-8"?>
<TestRun id="f9e2bd13-17b0-401d-913c-2980ade0e9fe" name="hchadwic@RM202-001704 2015-08-05 14:23:13" runUser="PETERBOROUGH\hchadwic" xmlns="http://microsoft.com/schemas/VisualStudio/TeamTest/2010">
  <TestSettings name="Default Test Settings" id="f7fe1815-e367-4201-8ac3-ac24336f0f7c">
    <Deployment runDeploymentRoot="hchadwic_RM202-001704 2015-08-05 14_23_13">
      <DeploymentItem filename="C:\Development\PatientMonitor\PatientMonitor\bin\Debug\PatientMonitor.exe" />
      <DeploymentItem filename="C:\Development\PatientMonitor\packages\NUnit.2.6.4\lib\nunit.framework.dll" />
      <DeploymentItem filename="C:\Development\PatientMonitor\packages\Moq.4.2.1507.0118\lib\net40\Moq.dll" />
    </Deployment>
    <Execution>
      <TestTypeSpecific />
      <AgentRule name="Execution Agents">
      </AgentRule>
    </Execution>
  </TestSettings>
  <Times creation="2015-08-05T14:23:13.6845226+01:00" queuing="2015-08-05T14:23:14.7921226+01:00" start="2015-08-05T14:23:14.8233226+01:00" finish="2015-08-05T14:23:15.4161226+01:00" />
  <ResultSummary outcome="Completed">
    <Counters total="2" executed="2" passed="2" error="0" failed="0" timeout="0" aborted="0" inconclusive="0" passedButRunAborted="0" notRunnable="0" notExecuted="0" disconnected="0" warning="0" completed="0" inProgress="0" pending="0" />
  </ResultSummary>
  <TestDefinitions>
    <UnitTest name="GoodCreation" storage="c:\development\patientmonitor\testpatientmonitor\bin\debug\testpatientmonitor.dll" id="57444592-0eac-a26b-2f64-d9616e259025">
      <Execution id="973f8a4e-fef3-4c4b-9299-0c3730391f69" />
      <TestMethod codeBase="C:/Development/PatientMonitor/TestPatientMonitor/bin/Debug/TestPatientMonitor.DLL" adapterTypeName="Microsoft.VisualStudio.TestTools.TestTypes.Unit.UnitTestAdapter, Microsoft.VisualStudio.QualityTools.Tips.UnitTest.Adapter, Version=10.0.0.0, Culture=neutral, PublicKeyToken=b03f5f7f11d50a3a" className="PatientMonitorTest.TestPatientDataReader, TestPatientMonitor, Version=1.0.0.0, Culture=neutral, PublicKeyToken=null" name="GoodCreation" />
    </UnitTest>
    <UnitTest name="BadFileName" storage="c:\development\patientmonitor\testpatientmonitor\bin\debug\testpatientmonitor.dll" id="b56e6885-fa6f-2463-78db-28dc70da0b21">
      <Execution id="9c34d010-f7c5-4045-ab84-4cb41094465f" />
      <TestMethod codeBase="C:/Development/PatientMonitor/TestPatientMonitor/bin/Debug/TestPatientMonitor.DLL" adapterTypeName="Microsoft.VisualStudio.TestTools.TestTypes.Unit.UnitTestAdapter, Microsoft.VisualStudio.QualityTools.Tips.UnitTest.Adapter, Version=10.0.0.0, Culture=neutral, PublicKeyToken=b03f5f7f11d50a3a" className="PatientMonitorTest.TestPatientDataReader, TestPatientMonitor, Version=1.0.0.0, Culture=neutral, PublicKeyToken=null" name="BadFileName" />
    </UnitTest>
  </TestDefinitions>
  <TestLists>
    <TestList name="Results Not in a List" id="8c84fa94-04c1-424b-9868-57a2d4851a1d" />
    <TestList name="All Loaded Results" id="19431567-8539-422a-85d7-44ee4e166bda" />
  </TestLists>
  <TestEntries>
    <TestEntry testId="57444592-0eac-a26b-2f64-d9616e259025" executionId="973f8a4e-fef3-4c4b-9299-0c3730391f69" testListId="8c84fa94-04c1-424b-9868-57a2d4851a1d" />
    <TestEntry testId="b56e6885-fa6f-2463-78db-28dc70da0b21" executionId="9c34d010-f7c5-4045-ab84-4cb41094465f" testListId="8c84fa94-04c1-424b-9868-57a2d4851a1d" />
  </TestEntries>
  <Results>
    <UnitTestResult executionId="973f8a4e-fef3-4c4b-9299-0c3730391f69" testId="57444592-0eac-a26b-2f64-d9616e259025" testName="GoodCreation" computerName="RM202-001704" duration="00:00:00.0915921" startTime="2015-08-05T14:23:14.8545226+01:00" endTime="2015-08-05T14:23:15.3693226+01:00" testType="13cdc9d9-ddb5-4fa4-a97d-d965ccfc6d4b" outcome="Passed" testListId="8c84fa94-04c1-424b-9868-57a2d4851a1d" relativeResultsDirectory="973f8a4e-fef3-4c4b-9299-0c3730391f69">
    </UnitTestResult>
    <UnitTestResult executionId="9c34d010-f7c5-4045-ab84-4cb41094465f" testId="b56e6885-fa6f-2463-78db-28dc70da0b21" testName="BadFileName" computerName="RM202-001704" duration="00:00:00.0037175" startTime="2015-08-05T14:23:15.3849226+01:00" endTime="2015-08-05T14:23:15.3849226+01:00" testType="13cdc9d9-ddb5-4fa4-a97d-d965ccfc6d4b" outcome="Passed" testListId="8c84fa94-04c1-424b-9868-57a2d4851a1d" relativeResultsDirectory="9c34d010-f7c5-4045-ab84-4cb41094465f">
    </UnitTestResult>
  </Results>
</TestRun>