<?xml version="1.0" encoding="UTF-8"?>
<TestRun id="0487a081-21a6-45c6-ab2c-7374393497b0" name="hchadwic@RM202-001704 2015-08-05 14:07:45" runUser="PETERBOROUGH\hchadwic" xmlns="http://microsoft.com/schemas/VisualStudio/TeamTest/2010">
  <TestSettings name="Default Test Settings" id="cb102b2a-d885-4ef8-b752-964ec64f09d3">
    <Deployment userDeploymentRoot="C:\Development\PatientMonitor\TestResults" useDefaultDeploymentRoot="false" runDeploymentRoot="hchadwic_RM202-001704 2015-08-05 14_07_45">
      <DeploymentItem filename="C:\Development\PatientMonitor\PatientMonitor\bin\Debug\PatientMonitor.exe" />
      <DeploymentItem filename="C:\Development\PatientMonitor\packages\NUnit.2.6.4\lib\nunit.framework.dll" />
      <DeploymentItem filename="C:\Development\PatientMonitor\packages\Moq.4.2.1507.0118\lib\net40\Moq.dll" />
    </Deployment>
    <Execution>
      <TestTypeSpecific />
      <AgentRule name="Execution Agents">
      </AgentRule>
    </Execution>
  </TestSettings>
  <Times creation="2015-08-05T14:07:45.7409226+01:00" queuing="2015-08-05T14:07:47.0065226+01:00" start="2015-08-05T14:07:47.0221226+01:00" finish="2015-08-05T14:07:47.5837226+01:00" />
  <ResultSummary outcome="Completed">
    <Counters total="1" executed="1" passed="1" error="0" failed="0" timeout="0" aborted="0" inconclusive="0" passedButRunAborted="0" notRunnable="0" notExecuted="0" disconnected="0" warning="0" completed="0" inProgress="0" pending="0" />
  </ResultSummary>
  <TestDefinitions>
    <UnitTest name="TestMethod1" storage="c:\development\patientmonitor\testresults\hchadwic_rm202-001704 2015-08-05 13_55_47\out\testpatientmonitor.dll" id="d6890d00-e289-3fc4-2a11-eacc759bba4e">
      <Execution id="1f7741a8-edc4-4484-b601-c9cbcd26e5e0" />
      <TestMethod codeBase="C:/Development/PatientMonitor/TestPatientMonitor/bin/Debug/TestPatientMonitor.DLL" adapterTypeName="Microsoft.VisualStudio.TestTools.TestTypes.Unit.UnitTestAdapter, Microsoft.VisualStudio.QualityTools.Tips.UnitTest.Adapter, Version=10.0.0.0, Culture=neutral, PublicKeyToken=b03f5f7f11d50a3a" className="TestPatientMonitor.UnitTest1, TestPatientMonitor, Version=1.0.0.0, Culture=neutral, PublicKeyToken=null" name="TestMethod1" />
    </UnitTest>
  </TestDefinitions>
  <TestLists>
    <TestList name="Results Not in a List" id="8c84fa94-04c1-424b-9868-57a2d4851a1d" />
    <TestList name="All Loaded Results" id="19431567-8539-422a-85d7-44ee4e166bda" />
  </TestLists>
  <TestEntries>
    <TestEntry testId="d6890d00-e289-3fc4-2a11-eacc759bba4e" executionId="1f7741a8-edc4-4484-b601-c9cbcd26e5e0" testListId="8c84fa94-04c1-424b-9868-57a2d4851a1d" />
  </TestEntries>
  <Results>
    <UnitTestResult executionId="1f7741a8-edc4-4484-b601-c9cbcd26e5e0" testId="d6890d00-e289-3fc4-2a11-eacc759bba4e" testName="TestMethod1" computerName="RM202-001704" duration="00:00:00.0178728" startTime="2015-08-05T14:07:47.0533226+01:00" endTime="2015-08-05T14:07:47.5525226+01:00" testType="13cdc9d9-ddb5-4fa4-a97d-d965ccfc6d4b" outcome="Passed" testListId="8c84fa94-04c1-424b-9868-57a2d4851a1d" relativeResultsDirectory="1f7741a8-edc4-4484-b601-c9cbcd26e5e0">
    </UnitTestResult>
  </Results>
</TestRun>